# JRE version: OpenJDK Runtime Environment Temurin-17.0.8.1+1 (17.0.8.1+1) (build 17.0.8.1+1)
# Java VM: OpenJDK 64-Bit Server VM Temurin-17.0.8.1+1 (17.0.8.1+1, mixed mode, tiered, compressed oops, compressed class ptrs, parallel gc, windows-amd64)
GC Precious Log:
 CPUs: 4 total, 4 available
 Memory: 7854M
 Large Page Support: Disabled
 NUMA Support: Disabled
 Compressed Oops: Enabled (32-bit)
 Alignments: Space 512K, Generation 512K, Heap 2M
 Heap Min Capacity: 100M
 Heap Initial Capacity: 100M
 Heap Max Capacity: 1G
 Pre-touch: Disabled
 Parallel Workers: 4
Heap:
 PSYoungGen      total 4096K, used 1119K [0x00000000eab00000, 0x00000000eaf80000, 0x0000000100000000)
  eden space 3072K, 30% used [0x00000000eab00000,0x00000000eabe7d10,0x00000000eae00000)
  from space 1024K, 18% used [0x00000000eae00000,0x00000000eae30000,0x00000000eaf00000)
  to   space 512K, 0% used [0x00000000eaf00000,0x00000000eaf00000,0x00000000eaf80000)
 ParOldGen       total 272896K, used 245807K [0x00000000c0000000, 0x00000000d0a80000, 0x00000000eab00000)
  object space 272896K, 90% used [0x00000000c0000000,0x00000000cf00bcf8,0x00000000d0a80000)
 Metaspace       used 85545K, committed 86784K, reserved 1179648K
  class space    used 8778K, committed 9408K, reserved 1048576K
GC Heap History (20 events):
Event: 2818.164 GC heap before
{Heap before GC invocations=827 (full 18):
 PSYoungGen      total 2560K, used 2560K [0x00000000eab00000, 0x00000000eb000000, 0x0000000100000000)
  eden space 2048K, 100% used [0x00000000eab00000,0x00000000ead00000,0x00000000ead00000)
  from space 512K, 100% used [0x00000000eaf00000,0x00000000eaf80000,0x00000000eaf80000)
  to   space 512K, 0% used [0x00000000eaf80000,0x00000000eaf80000,0x00000000eb000000)
 ParOldGen       total 272896K, used 226941K [0x00000000c0000000, 0x00000000d0a80000, 0x00000000eab00000)
  object space 272896K, 83% used [0x00000000c0000000,0x00000000cdd9f648,0x00000000d0a80000)
 Metaspace       used 85531K, committed 86784K, reserved 1179648K
  class space    used 8777K, committed 9408K, reserved 1048576K
}
Event: 2818.165 GC heap after
{Heap after GC invocations=827 (full 18):
 PSYoungGen      total 2560K, used 192K [0x00000000eab00000, 0x00000000eb000000, 0x0000000100000000)
  eden space 2048K, 0% used [0x00000000eab00000,0x00000000eab00000,0x00000000ead00000)
  from space 512K, 37% used [0x00000000eaf80000,0x00000000eafb0000,0x00000000eb000000)
  to   space 512K, 0% used [0x00000000eaf00000,0x00000000eaf00000,0x00000000eaf80000)
 ParOldGen       total 272896K, used 227396K [0x00000000c0000000, 0x00000000d0a80000, 0x00000000eab00000)
  object space 272896K, 83% used [0x00000000c0000000,0x00000000cde11088,0x00000000d0a80000)
 Metaspace       used 85531K, committed 86784K, reserved 1179648K
  class space    used 8777K, committed 9408K, reserved 1048576K
}
Event: 2818.168 GC heap before
{Heap before GC invocations=828 (full 18):
 PSYoungGen      total 2560K, used 2205K [0x00000000eab00000, 0x00000000eb000000, 0x0000000100000000)
  eden space 2048K, 98% used [0x00000000eab00000,0x00000000eacf7558,0x00000000ead00000)
  from space 512K, 37% used [0x00000000eaf80000,0x00000000eafb0000,0x00000000eb000000)
  to   space 512K, 0% used [0x00000000eaf00000,0x00000000eaf00000,0x00000000eaf80000)
 ParOldGen       total 272896K, used 227396K [0x00000000c0000000, 0x00000000d0a80000, 0x00000000eab00000)
  object space 272896K, 83% used [0x00000000c0000000,0x00000000cde11088,0x00000000d0a80000)
 Metaspace       used 85531K, committed 86784K, reserved 1179648K
  class space    used 8777K, committed 9408K, reserved 1048576K
}
Event: 2818.170 GC heap after
{Heap after GC invocations=828 (full 18):
 PSYoungGen      total 2560K, used 224K [0x00000000eab00000, 0x00000000eb000000, 0x0000000100000000)
  eden space 2048K, 0% used [0x00000000eab00000,0x00000000eab00000,0x00000000ead00000)
  from space 512K, 43% used [0x00000000eaf00000,0x00000000eaf38000,0x00000000eaf80000)
  to   space 512K, 0% used [0x00000000eaf80000,0x00000000eaf80000,0x00000000eb000000)
 ParOldGen       total 272896K, used 231172K [0x00000000c0000000, 0x00000000d0a80000, 0x00000000eab00000)
  object space 272896K, 84% used [0x00000000c0000000,0x00000000ce1c12c8,0x00000000d0a80000)
 Metaspace       used 85531K, committed 86784K, reserved 1179648K
  class space    used 8777K, committed 9408K, reserved 1048576K
}
Event: 2818.179 GC heap before
{Heap before GC invocations=829 (full 18):
 PSYoungGen      total 2560K, used 2246K [0x00000000eab00000, 0x00000000eb000000, 0x0000000100000000)
  eden space 2048K, 98% used [0x00000000eab00000,0x00000000eacf9bc8,0x00000000ead00000)
  from space 512K, 43% used [0x00000000eaf00000,0x00000000eaf38000,0x00000000eaf80000)
  to   space 512K, 0% used [0x00000000eaf80000,0x00000000eaf80000,0x00000000eb000000)
 ParOldGen       total 272896K, used 233003K [0x00000000c0000000, 0x00000000d0a80000, 0x00000000eab00000)
  object space 272896K, 85% used [0x00000000c0000000,0x00000000ce38afa0,0x00000000d0a80000)
 Metaspace       used 85533K, committed 86784K, reserved 1179648K
  class space    used 8777K, committed 9408K, reserved 1048576K
}
Event: 2818.181 GC heap after
{Heap after GC invocations=829 (full 18):
 PSYoungGen      total 2560K, used 512K [0x00000000eab00000, 0x00000000eb000000, 0x0000000100000000)
  eden space 2048K, 0% used [0x00000000eab00000,0x00000000eab00000,0x00000000ead00000)
  from space 512K, 100% used [0x00000000eaf80000,0x00000000eb000000,0x00000000eb000000)
  to   space 1024K, 0% used [0x00000000eae00000,0x00000000eae00000,0x00000000eaf00000)
 ParOldGen       total 272896K, used 233123K [0x00000000c0000000, 0x00000000d0a80000, 0x00000000eab00000)
  object space 272896K, 85% used [0x00000000c0000000,0x00000000ce3a8fa0,0x00000000d0a80000)
 Metaspace       used 85533K, committed 86784K, reserved 1179648K
  class space    used 8777K, committed 9408K, reserved 1048576K
}
Event: 2818.192 GC heap before
{Heap before GC invocations=830 (full 18):
 PSYoungGen      total 2560K, used 2554K [0x00000000eab00000, 0x00000000eb000000, 0x0000000100000000)
  eden space 2048K, 99% used [0x00000000eab00000,0x00000000eacfe8c0,0x00000000ead00000)
  from space 512K, 100% used [0x00000000eaf80000,0x00000000eb000000,0x00000000eb000000)
  to   space 1024K, 0% used [0x00000000eae00000,0x00000000eae00000,0x00000000eaf00000)
 ParOldGen       total 272896K, used 234955K [0x00000000c0000000, 0x00000000d0a80000, 0x00000000eab00000)
  object space 272896K, 86% used [0x00000000c0000000,0x00000000ce572c78,0x00000000d0a80000)
 Metaspace       used 85533K, committed 86784K, reserved 1179648K
  class space    used 8777K, committed 9408K, reserved 1048576K
}
Event: 2818.193 GC heap after
{Heap after GC invocations=830 (full 18):
 PSYoungGen      total 3072K, used 192K [0x00000000eab00000, 0x00000000eb000000, 0x0000000100000000)
  eden space 2048K, 0% used [0x00000000eab00000,0x00000000eab00000,0x00000000ead00000)
  from space 1024K, 18% used [0x00000000eae00000,0x00000000eae30000,0x00000000eaf00000)
  to   space 512K, 0% used [0x00000000eaf80000,0x00000000eaf80000,0x00000000eb000000)
 ParOldGen       total 272896K, used 235347K [0x00000000c0000000, 0x00000000d0a80000, 0x00000000eab00000)
  object space 272896K, 86% used [0x00000000c0000000,0x00000000ce5d4c78,0x00000000d0a80000)
 Metaspace       used 85533K, committed 86784K, reserved 1179648K
  class space    used 8777K, committed 9408K, reserved 1048576K
}
Event: 2818.200 GC heap before
{Heap before GC invocations=831 (full 18):
 PSYoungGen      total 3072K, used 2240K [0x00000000eab00000, 0x00000000eb000000, 0x0000000100000000)
  eden space 2048K, 100% used [0x00000000eab00000,0x00000000ead00000,0x00000000ead00000)
  from space 1024K, 18% used [0x00000000eae00000,0x00000000eae30000,0x00000000eaf00000)
  to   space 512K, 0% used [0x00000000eaf80000,0x00000000eaf80000,0x00000000eb000000)
 ParOldGen       total 272896K, used 235347K [0x00000000c0000000, 0x00000000d0a80000, 0x00000000eab00000)
  object space 272896K, 86% used [0x00000000c0000000,0x00000000ce5d4c78,0x00000000d0a80000)
 Metaspace       used 85533K, committed 86784K, reserved 1179648K
  class space    used 8777K, committed 9408K, reserved 1048576K
}
Event: 2818.201 GC heap after
{Heap after GC invocations=831 (full 18):
 PSYoungGen      total 2560K, used 160K [0x00000000eab00000, 0x00000000eb000000, 0x0000000100000000)
  eden space 2048K, 0% used [0x00000000eab00000,0x00000000eab00000,0x00000000ead00000)
  from space 512K, 31% used [0x00000000eaf80000,0x00000000eafa8000,0x00000000eb000000)
  to   space 512K, 0% used [0x00000000eaf00000,0x00000000eaf00000,0x00000000eaf80000)
 ParOldGen       total 272896K, used 235355K [0x00000000c0000000, 0x00000000d0a80000, 0x00000000eab00000)
  object space 272896K, 86% used [0x00000000c0000000,0x00000000ce5d6c78,0x00000000d0a80000)
 Metaspace       used 85533K, committed 86784K, reserved 1179648K
  class space    used 8777K, committed 9408K, reserved 1048576K
}
Event: 2818.203 GC heap before
{Heap before GC invocations=832 (full 18):
 PSYoungGen      total 2560K, used 2071K [0x00000000eab00000, 0x00000000eb000000, 0x0000000100000000)
  eden space 2048K, 93% used [0x00000000eab00000,0x00000000eacddd40,0x00000000ead00000)
  from space 512K, 31% used [0x00000000eaf80000,0x00000000eafa8000,0x00000000eb000000)
  to   space 512K, 0% used [0x00000000eaf00000,0x00000000eaf00000,0x00000000eaf80000)
 ParOldGen       total 272896K, used 235355K [0x00000000c0000000, 0x00000000d0a80000, 0x00000000eab00000)
  object space 272896K, 86% used [0x00000000c0000000,0x00000000ce5d6c78,0x00000000d0a80000)
 Metaspace       used 85533K, committed 86784K, reserved 1179648K
  class space    used 8777K, committed 9408K, reserved 1048576K
}
Event: 2818.205 GC heap after
{Heap after GC invocations=832 (full 18):
 PSYoungGen      total 3072K, used 128K [0x00000000eab00000, 0x00000000eb000000, 0x0000000100000000)
  eden space 2560K, 0% used [0x00000000eab00000,0x00000000eab00000,0x00000000ead80000)
  from space 512K, 25% used [0x00000000eaf00000,0x00000000eaf20000,0x00000000eaf80000)
  to   space 512K, 0% used [0x00000000eaf80000,0x00000000eaf80000,0x00000000eb000000)
 ParOldGen       total 272896K, used 239122K [0x00000000c0000000, 0x00000000d0a80000, 0x00000000eab00000)
  object space 272896K, 87% used [0x00000000c0000000,0x00000000ce984878,0x00000000d0a80000)
 Metaspace       used 85533K, committed 86784K, reserved 1179648K
  class space    used 8777K, committed 9408K, reserved 1048576K
}
Event: 2818.216 GC heap before
{Heap before GC invocations=833 (full 18):
 PSYoungGen      total 3072K, used 2686K [0x00000000eab00000, 0x00000000eb000000, 0x0000000100000000)
  eden space 2560K, 99% used [0x00000000eab00000,0x00000000ead7fad0,0x00000000ead80000)
  from space 512K, 25% used [0x00000000eaf00000,0x00000000eaf20000,0x00000000eaf80000)
  to   space 512K, 0% used [0x00000000eaf80000,0x00000000eaf80000,0x00000000eb000000)
 ParOldGen       total 272896K, used 240953K [0x00000000c0000000, 0x00000000d0a80000, 0x00000000eab00000)
  object space 272896K, 88% used [0x00000000c0000000,0x00000000ceb4e550,0x00000000d0a80000)
 Metaspace       used 85533K, committed 86784K, reserved 1179648K
  class space    used 8777K, committed 9408K, reserved 1048576K
}
Event: 2818.218 GC heap after
{Heap after GC invocations=833 (full 18):
 PSYoungGen      total 3584K, used 508K [0x00000000eab00000, 0x00000000eb100000, 0x0000000100000000)
  eden space 3072K, 0% used [0x00000000eab00000,0x00000000eab00000,0x00000000eae00000)
  from space 512K, 99% used [0x00000000eaf80000,0x00000000eafff240,0x00000000eb000000)
  to   space 1536K, 0% used [0x00000000eae00000,0x00000000eae00000,0x00000000eaf80000)
 ParOldGen       total 272896K, used 241338K [0x00000000c0000000, 0x00000000d0a80000, 0x00000000eab00000)
  object space 272896K, 88% used [0x00000000c0000000,0x00000000cebae908,0x00000000d0a80000)
 Metaspace       used 85533K, committed 86784K, reserved 1179648K
  class space    used 8777K, committed 9408K, reserved 1048576K
}
Event: 2818.231 GC heap before
{Heap before GC invocations=834 (full 18):
 PSYoungGen      total 3584K, used 3580K [0x00000000eab00000, 0x00000000eb100000, 0x0000000100000000)
  eden space 3072K, 100% used [0x00000000eab00000,0x00000000eae00000,0x00000000eae00000)
  from space 512K, 99% used [0x00000000eaf80000,0x00000000eafff240,0x00000000eb000000)
  to   space 1536K, 0% used [0x00000000eae00000,0x00000000eae00000,0x00000000eaf80000)
 ParOldGen       total 272896K, used 243169K [0x00000000c0000000, 0x00000000d0a80000, 0x00000000eab00000)
  object space 272896K, 89% used [0x00000000c0000000,0x00000000ced785e0,0x00000000d0a80000)
 Metaspace       used 85533K, committed 86784K, reserved 1179648K
  class space    used 8777K, committed 9408K, reserved 1048576K
}
Event: 2818.233 GC heap after
{Heap after GC invocations=834 (full 18):
 PSYoungGen      total 4096K, used 928K [0x00000000eab00000, 0x00000000eb000000, 0x0000000100000000)
  eden space 3072K, 0% used [0x00000000eab00000,0x00000000eab00000,0x00000000eae00000)
  from space 1024K, 90% used [0x00000000eae00000,0x00000000eaee8000,0x00000000eaf00000)
  to   space 1024K, 0% used [0x00000000eaf00000,0x00000000eaf00000,0x00000000eb000000)
 ParOldGen       total 272896K, used 243552K [0x00000000c0000000, 0x00000000d0a80000, 0x00000000eab00000)
  object space 272896K, 89% used [0x00000000c0000000,0x00000000cedd8020,0x00000000d0a80000)
 Metaspace       used 85533K, committed 86784K, reserved 1179648K
  class space    used 8777K, committed 9408K, reserved 1048576K
}
Event: 2818.239 GC heap before
{Heap before GC invocations=835 (full 18):
 PSYoungGen      total 4096K, used 3937K [0x00000000eab00000, 0x00000000eb000000, 0x0000000100000000)
  eden space 3072K, 97% used [0x00000000eab00000,0x00000000eadf0700,0x00000000eae00000)
  from space 1024K, 90% used [0x00000000eae00000,0x00000000eaee8000,0x00000000eaf00000)
  to   space 1024K, 0% used [0x00000000eaf00000,0x00000000eaf00000,0x00000000eb000000)
 ParOldGen       total 272896K, used 243552K [0x00000000c0000000, 0x00000000d0a80000, 0x00000000eab00000)
  object space 272896K, 89% used [0x00000000c0000000,0x00000000cedd8020,0x00000000d0a80000)
 Metaspace       used 85533K, committed 86784K, reserved 1179648K
  class space    used 8777K, committed 9408K, reserved 1048576K
}
Event: 2818.240 GC heap after
{Heap after GC invocations=835 (full 18):
 PSYoungGen      total 4096K, used 394K [0x00000000eab00000, 0x00000000eb000000, 0x0000000100000000)
  eden space 3072K, 0% used [0x00000000eab00000,0x00000000eab00000,0x00000000eae00000)
  from space 1024K, 38% used [0x00000000eaf00000,0x00000000eaf629f8,0x00000000eb000000)
  to   space 1024K, 0% used [0x00000000eae00000,0x00000000eae00000,0x00000000eaf00000)
 ParOldGen       total 272896K, used 245791K [0x00000000c0000000, 0x00000000d0a80000, 0x00000000eab00000)
  object space 272896K, 90% used [0x00000000c0000000,0x00000000cf007cf8,0x00000000d0a80000)
 Metaspace       used 85533K, committed 86784K, reserved 1179648K
  class space    used 8777K, committed 9408K, reserved 1048576K
}
Event: 2818.306 GC heap before
{Heap before GC invocations=836 (full 18):
 PSYoungGen      total 4096K, used 3466K [0x00000000eab00000, 0x00000000eb000000, 0x0000000100000000)
  eden space 3072K, 100% used [0x00000000eab00000,0x00000000eae00000,0x00000000eae00000)
  from space 1024K, 38% used [0x00000000eaf00000,0x00000000eaf629f8,0x00000000eb000000)
  to   space 1024K, 0% used [0x00000000eae00000,0x00000000eae00000,0x00000000eaf00000)
 ParOldGen       total 272896K, used 245791K [0x00000000c0000000, 0x00000000d0a80000, 0x00000000eab00000)
  object space 272896K, 90% used [0x00000000c0000000,0x00000000cf007cf8,0x00000000d0a80000)
 Metaspace       used 85544K, committed 86784K, reserved 1179648K
  class space    used 8778K, committed 9408K, reserved 1048576K
}
Event: 2818.308 GC heap after
{Heap after GC invocations=836 (full 18):
 PSYoungGen      total 4096K, used 192K [0x00000000eab00000, 0x00000000eaf80000, 0x0000000100000000)
  eden space 3072K, 0% used [0x00000000eab00000,0x00000000eab00000,0x00000000eae00000)
  from space 1024K, 18% used [0x00000000eae00000,0x00000000eae30000,0x00000000eaf00000)
  to   space 512K, 0% used [0x00000000eaf00000,0x00000000eaf00000,0x00000000eaf80000)
 ParOldGen       total 272896K, used 245807K [0x00000000c0000000, 0x00000000d0a80000, 0x00000000eab00000)
  object space 272896K, 90% used [0x00000000c0000000,0x00000000cf00bcf8,0x00000000d0a80000)
 Metaspace       used 85544K, committed 86784K, reserved 1179648K
  class space    used 8778K, committed 9408K, reserved 1048576K
}

